<?xml version="1.0" encoding="UTF-8"?>
<!-- Generated by org.testng.reporters.JUnitReportReporter -->
<testsuite hostname="LAPTOP-3ML7PH3M" failures="0" tests="1" name="DeleteAccountTest.DeleteOldAccount" time="0.009" errors="0" timestamp="2022-01-31T17:08:26 IST" skipped="0">
  <testcase classname="DeleteAccountTest.DeleteOldAccount" name="DeleteOldAccount" time="0.009"/>
  <system-out/>
</testsuite> <!-- DeleteAccountTest.DeleteOldAccount -->
