<?xml version="1.0" encoding="UTF-8"?>
<!-- Generated by org.testng.reporters.JUnitReportReporter -->
<testsuite hostname="LAPTOP-3ML7PH3M" failures="0" tests="2" name="CreateAccountTest.CreateNewAccountTest" time="0.012" errors="0" timestamp="2022-01-31T17:51:13 IST" skipped="0">
  <testcase classname="CreateAccountTest.CreateNewAccountTest" name="createAccountTest" time="0.011"/>
  <system-out/>
  <testcase classname="CreateAccountTest.CreateNewAccountTest" name="createAccountWithNoBalanceTest" time="0.001"/>
  <system-out/>
</testsuite> <!-- CreateAccountTest.CreateNewAccountTest -->
