<?xml version="1.0" encoding="UTF-8"?>
<!-- Generated by org.testng.reporters.JUnitReportReporter -->
<testsuite hostname="LAPTOP-3ML7PH3M" failures="0" tests="2" name="CreateAccountTest.DeleteAccountTest" time="0.004" errors="0" timestamp="2022-01-31T17:51:13 IST" skipped="0">
  <testcase classname="CreateAccountTest.DeleteAccountTest" name="DeleteAccountforTest" time="0.002"/>
  <system-out/>
  <testcase classname="CreateAccountTest.DeleteAccountTest" name="DeleteAccountTest" time="0.002"/>
  <system-out/>
</testsuite> <!-- CreateAccountTest.DeleteAccountTest -->
