<?xml version="1.0" encoding="UTF-8"?>
<!-- Generated by org.testng.reporters.JUnitReportReporter -->
<testsuite hostname="LAPTOP-3ML7PH3M" failures="0" tests="1" name="CreateAccountTest.UpdateAccount" time="0.010" errors="0" timestamp="2022-01-31T17:08:42 IST" skipped="0">
  <testcase classname="CreateAccountTest.UpdateAccount" name="updateAccount" time="0.010"/>
  <system-out/>
</testsuite> <!-- CreateAccountTest.UpdateAccount -->
