<?xml version="1.0" encoding="UTF-8"?>
<!-- Generated by org.testng.reporters.JUnitReportReporter -->
<testsuite hostname="LAPTOP-3ML7PH3M" failures="0" tests="2" name="CreateAccountTest.UpdateAccountTest" time="0.002" errors="0" timestamp="2022-01-31T17:51:13 IST" skipped="0">
  <testcase classname="CreateAccountTest.UpdateAccountTest" name="updateMyAccount" time="0.000"/>
  <system-out/>
  <testcase classname="CreateAccountTest.UpdateAccountTest" name="updateAccount" time="0.002"/>
  <system-out/>
</testsuite> <!-- CreateAccountTest.UpdateAccountTest -->
