<?xml version="1.0" encoding="UTF-8"?>
<!-- Generated by org.testng.reporters.JUnitReportReporter -->
<testsuite hostname="LAPTOP-3ML7PH3M" failures="0" tests="1" name="CreateAccountTest.CreateNewAccountTest" time="0.011" errors="0" timestamp="2022-01-31T14:34:46 IST" skipped="0">
  <testcase classname="CreateAccountTest.CreateNewAccountTest" name="createAccountTest" time="0.011"/>
  <system-out/>
</testsuite> <!-- CreateAccountTest.CreateNewAccountTest -->
